2026/03/13  15:22:32.568  [TRACE]   MrAcqSimulationPlugin: Plugin::init(): started
2026/03/13  15:22:32.568  [TRACE]   MrAcqSimulationPlugin: SimulationServant_impl::SimulationServant_impl(): started/finished
2026/03/13  15:22:32.568  [TRACE]   MrAcqSimulationPlugin: Plugin::init(): return true
2026/03/13  15:22:32.569  [TRACE]   MrAcqSimulationPlugin: Plugin::afterStart(): started
2026/03/13  15:22:32.569  [TRACE]   MrAcqSimulationPlugin: Plugin::afterStart(): return true
2026/03/13  15:22:32.569  [INFO]    MxiAcqRecoPlugin: Plugin::init(): run 'gsauto -psMode 65 -prototypeMode 0 -adjName Receiver Gain -procnoPath /opt/PV-360.3.6/data/neuro/20260313_135901_Kostya_260413_fiber_placement_engrams_1_13/11/pdata/1 -serverName MxiAcqReco_2.16.756.5.5.200.8323328.528993.1773382926.1066_866307_21692150042_65 -logSeverityLevel SL_INFO ')
2026/03/13  15:22:32.660  [INFO]    MxiAcqRecoPlugin: AcqClient::getMessageCorba(): return 1. Message kind 'Show_status': pulse program in compilation
2026/03/13  15:22:33.651  [INFO]    MxiAcqRecoPlugin: AcqClient::getMessageCorba(): return 1. Message kind 'Show_status': loading TRX1
2026/03/13  15:22:33.658  [INFO]    MxiAcqRecoPlugin: AcqClient::getMessageCorba(): return 1. Message kind 'Show_status': loading TRX2
2026/03/13  15:22:33.664  [INFO]    MxiAcqRecoPlugin: AcqClient::getMessageCorba(): return 1. Message kind 'Show_status': loading TRX4
2026/03/13  15:22:33.713  [INFO]    MxiAcqRecoPlugin: AcqClient::getMessageCorba(): return 1. Message kind 'Show_status': prepare Gradients for Gradient Controller
2026/03/13  15:22:33.982  [INFO]    MxiAcqRecoPlugin: AcqClient::getMessageCorba(): return 1. Message kind 'Show_status': Loading AQS Rack
2026/03/13  15:22:33.984  [INFO]    MxiAcqRecoPlugin: AcqClient::getMessageCorba(): return 1. Message kind 'Show_status': Load GTU and TRX
2026/03/13  15:22:34.110  [INFO]    MxiAcqRecoPlugin: AcqClient::getMessageCorba(): return 1. Message kind 'Show_status': Start GTU and TRX
2026/03/13  15:22:34.169  [INFO]    MxiAcqRecoPlugin: AcqClient::getMessageCorba(): return 1. Message kind 'Show_status': automatic adjustment in progress
2026/03/13  15:22:34.484  [INFO]    MxiAcqRecoPlugin: AcqClient::getMessageCorba(): return 1. Message kind 'Sendgui': statusparsmodified
2026/03/13  15:22:34.678  [INFO]    MxiAcqRecoPlugin: AcqClient::getMessageCorba(): return 1. Message kind 'Show_status': acquisition  finished 
2026/03/13  15:22:34.680  [INFO]    MxiAcqRecoPlugin: AcqClient::getMessageCorba(): return 0. Message kind 'TerminateNormal': 
2026/03/13  15:22:34.684  [INFO]    MxiAcqRecoPlugin: Plugin::beforeStop(): finished
2026/03/13  15:22:34.686  [TRACE]   MrAcqSimulationPlugin: Plugin::beforeStop(): started
2026/03/13  15:22:34.686  [TRACE]   MrAcqSimulationPlugin: Plugin::beforeStop(): return true
2026/03/13  15:22:34.686  [TRACE]   MrAcqSimulationPlugin: SimulationServant_impl::~SimulationServant_impl(): started/finished
2026/03/13  15:22:35.334  [TRACE]   MrAcqSimulationPlugin: Plugin::init(): started
2026/03/13  15:22:35.334  [TRACE]   MrAcqSimulationPlugin: SimulationServant_impl::SimulationServant_impl(): started/finished
2026/03/13  15:22:35.334  [TRACE]   MrAcqSimulationPlugin: Plugin::init(): return true
2026/03/13  15:22:35.335  [TRACE]   MrAcqSimulationPlugin: Plugin::afterStart(): started
2026/03/13  15:22:35.335  [TRACE]   MrAcqSimulationPlugin: Plugin::afterStart(): return true
2026/03/13  15:22:35.335  [INFO]    MxiAcqRecoPlugin: Plugin::init(): run 'gop -psMode 65 -prototypeMode 0 -procnoPath /opt/PV-360.3.6/data/neuro/20260313_135901_Kostya_260413_fiber_placement_engrams_1_13/11/pdata/1 -serverName MxiAcqReco_2.16.756.5.5.200.8323328.528993.1773382926.1066_866307_21692150042_65 -logSeverityLevel SL_INFO ')
2026/03/13  15:22:35.444  [INFO]    MxiAcqRecoPlugin: AcqClient::getMessageCorba(): return 1. Message kind 'Show_status': pulse program in compilation
2026/03/13  15:22:36.388  [INFO]    MxiAcqRecoPlugin: AcqClient::getMessageCorba(): return 1. Message kind 'Show_status': loading TRX1
2026/03/13  15:22:36.390  [INFO]    MxiAcqRecoPlugin: AcqClient::getMessageCorba(): return 1. Message kind 'Show_status': loading TRX2
2026/03/13  15:22:36.392  [INFO]    MxiAcqRecoPlugin: AcqClient::getMessageCorba(): return 1. Message kind 'Show_status': loading TRX4
2026/03/13  15:22:36.417  [INFO]    MxiAcqRecoPlugin: AcqClient::getMessageCorba(): return 1. Message kind 'Show_status': prepare Gradients for Gradient Controller
2026/03/13  15:22:36.701  [INFO]    MxiAcqRecoPlugin: AcqClient::getMessageCorba(): return 1. Message kind 'Show_status': Loading AQS Rack
2026/03/13  15:22:36.703  [INFO]    MxiAcqRecoPlugin: AcqClient::getMessageCorba(): return 1. Message kind 'Show_status': Load GTU and TRX
2026/03/13  15:22:36.830  [INFO]    MxiAcqRecoPlugin: AcqClient::getMessageCorba(): return 1. Message kind 'Show_status': Start GTU and TRX
2026/03/13  15:22:36.888  [INFO]    MxiAcqRecoPlugin: AcqClient::getMessageCorba(): return 1. Message kind 'Show_status': acquisition in progress
2026/03/13  15:22:46.889  [INFO]    MxiAcqRecoPlugin: AcqClient::getMessageCorba(): return 1. Message kind 'Empty': 
2026/03/13  15:22:56.890  [INFO]    MxiAcqRecoPlugin: AcqClient::getMessageCorba(): return 1. Message kind 'Empty': 
2026/03/13  15:23:06.891  [INFO]    MxiAcqRecoPlugin: AcqClient::getMessageCorba(): return 1. Message kind 'Empty': 
2026/03/13  15:23:09.944  [INFO]    MxiAcqRecoPlugin: AcqClient::getMessageCorba(): return 1. Message kind 'Sendgui': statusparsmodified
2026/03/13  15:23:10.125  [INFO]    MxiAcqRecoPlugin: AcqClient::getMessageCorba(): return 1. Message kind 'Show_status': acquisition  finished 
2026/03/13  15:23:10.133  [INFO]    MxiAcqRecoPlugin: AcqClient::getMessageCorba(): return 0. Message kind 'TerminateNormal': 
2026/03/13  15:23:10.140  [INFO]    MxiAcqRecoPlugin: Plugin::beforeStop(): finished
2026/03/13  15:23:10.141  [TRACE]   MrAcqSimulationPlugin: Plugin::beforeStop(): started
2026/03/13  15:23:10.141  [TRACE]   MrAcqSimulationPlugin: Plugin::beforeStop(): return true
2026/03/13  15:23:10.141  [TRACE]   MrAcqSimulationPlugin: SimulationServant_impl::~SimulationServant_impl(): started/finished
