2026/03/13  15:24:18.051  [TRACE]   MrAcqSimulationPlugin: Plugin::init(): started
2026/03/13  15:24:18.051  [TRACE]   MrAcqSimulationPlugin: SimulationServant_impl::SimulationServant_impl(): started/finished
2026/03/13  15:24:18.051  [TRACE]   MrAcqSimulationPlugin: Plugin::init(): return true
2026/03/13  15:24:18.052  [TRACE]   MrAcqSimulationPlugin: Plugin::afterStart(): started
2026/03/13  15:24:18.052  [TRACE]   MrAcqSimulationPlugin: Plugin::afterStart(): return true
2026/03/13  15:24:18.052  [INFO]    MxiAcqRecoPlugin: Plugin::init(): run 'gsauto -psMode 65 -prototypeMode 0 -adjName Basic Frequency -procnoPath /opt/PV-360.3.6/data/neuro/20260313_135901_Kostya_260413_fiber_placement_engrams_1_13/12/pdata/1 -serverName MxiAcqReco_2.16.756.5.5.200.8323328.528993.1773383014.1179_866307_33185830282_65 -logSeverityLevel SL_INFO ')
2026/03/13  15:24:18.152  [INFO]    MxiAcqRecoPlugin: AcqClient::getMessageCorba(): return 1. Message kind 'Show_status': pulse program in compilation
2026/03/13  15:24:18.886  [INFO]    MxiAcqRecoPlugin: AcqClient::getMessageCorba(): return 1. Message kind 'Show_status': loading TRX1
2026/03/13  15:24:18.894  [INFO]    MxiAcqRecoPlugin: AcqClient::getMessageCorba(): return 1. Message kind 'Show_status': loading TRX2
2026/03/13  15:24:18.895  [INFO]    MxiAcqRecoPlugin: AcqClient::getMessageCorba(): return 1. Message kind 'Show_status': loading TRX4
2026/03/13  15:24:18.911  [INFO]    MxiAcqRecoPlugin: AcqClient::getMessageCorba(): return 1. Message kind 'Show_status': prepare Gradients for Gradient Controller
2026/03/13  15:24:19.252  [INFO]    MxiAcqRecoPlugin: AcqClient::getMessageCorba(): return 1. Message kind 'Show_status': Loading AQS Rack
2026/03/13  15:24:19.256  [INFO]    MxiAcqRecoPlugin: AcqClient::getMessageCorba(): return 1. Message kind 'Show_status': Load GTU and TRX
2026/03/13  15:24:19.384  [INFO]    MxiAcqRecoPlugin: AcqClient::getMessageCorba(): return 1. Message kind 'Show_status': Start GTU and TRX
2026/03/13  15:24:19.448  [INFO]    MxiAcqRecoPlugin: AcqClient::getMessageCorba(): return 1. Message kind 'Show_status': automatic adjustment in progress
2026/03/13  15:24:20.796  [INFO]    MxiAcqRecoPlugin: AcqClient::getMessageCorba(): return 1. Message kind 'Sendgui': statusparsmodified
2026/03/13  15:24:20.987  [INFO]    MxiAcqRecoPlugin: AcqClient::getMessageCorba(): return 1. Message kind 'Show_status': acquisition  finished 
2026/03/13  15:24:20.990  [INFO]    MxiAcqRecoPlugin: AcqClient::getMessageCorba(): return 0. Message kind 'TerminateNormal': 
2026/03/13  15:24:20.996  [INFO]    MxiAcqRecoPlugin: Plugin::beforeStop(): finished
2026/03/13  15:24:20.997  [TRACE]   MrAcqSimulationPlugin: Plugin::beforeStop(): started
2026/03/13  15:24:20.997  [TRACE]   MrAcqSimulationPlugin: Plugin::beforeStop(): return true
2026/03/13  15:24:20.998  [TRACE]   MrAcqSimulationPlugin: SimulationServant_impl::~SimulationServant_impl(): started/finished
2026/03/13  15:24:21.853  [TRACE]   MrAcqSimulationPlugin: Plugin::init(): started
2026/03/13  15:24:21.853  [TRACE]   MrAcqSimulationPlugin: SimulationServant_impl::SimulationServant_impl(): started/finished
2026/03/13  15:24:21.853  [TRACE]   MrAcqSimulationPlugin: Plugin::init(): return true
2026/03/13  15:24:21.854  [TRACE]   MrAcqSimulationPlugin: Plugin::afterStart(): started
2026/03/13  15:24:21.854  [TRACE]   MrAcqSimulationPlugin: Plugin::afterStart(): return true
2026/03/13  15:24:21.854  [INFO]    MxiAcqRecoPlugin: Plugin::init(): run 'gsauto -psMode 65 -prototypeMode 0 -adjName Study Shim -procnoPath /opt/PV-360.3.6/data/neuro/20260313_135901_Kostya_260413_fiber_placement_engrams_1_13/12/pdata/1 -serverName MxiAcqReco_2.16.756.5.5.200.8323328.528993.1773383014.1179_866307_33185830282_65 -logSeverityLevel SL_INFO ')
2026/03/13  15:24:21.936  [INFO]    MxiAcqRecoPlugin: AcqClient::getMessageCorba(): return 1. Message kind 'Show_status': pulse program in compilation
2026/03/13  15:24:22.343  [INFO]    MxiAcqRecoPlugin: AcqClient::getMessageCorba(): return 1. Message kind 'Show_status': loading TRX1
2026/03/13  15:24:22.345  [INFO]    MxiAcqRecoPlugin: AcqClient::getMessageCorba(): return 1. Message kind 'Show_status': loading TRX2
2026/03/13  15:24:22.347  [INFO]    MxiAcqRecoPlugin: AcqClient::getMessageCorba(): return 1. Message kind 'Show_status': loading TRX4
2026/03/13  15:24:22.367  [INFO]    MxiAcqRecoPlugin: AcqClient::getMessageCorba(): return 1. Message kind 'Show_status': prepare Gradients for Gradient Controller
2026/03/13  15:24:22.627  [INFO]    MxiAcqRecoPlugin: AcqClient::getMessageCorba(): return 1. Message kind 'Show_status': Loading AQS Rack
2026/03/13  15:24:22.628  [INFO]    MxiAcqRecoPlugin: AcqClient::getMessageCorba(): return 1. Message kind 'Show_status': Load GTU and TRX
2026/03/13  15:24:22.746  [INFO]    MxiAcqRecoPlugin: AcqClient::getMessageCorba(): return 1. Message kind 'Show_status': Start GTU and TRX
2026/03/13  15:24:23.806  [INFO]    MxiAcqRecoPlugin: AcqClient::getMessageCorba(): return 1. Message kind 'Show_status': automatic adjustment in progress
2026/03/13  15:24:33.807  [INFO]    MxiAcqRecoPlugin: AcqClient::getMessageCorba(): return 1. Message kind 'Empty': 
2026/03/13  15:24:43.808  [INFO]    MxiAcqRecoPlugin: AcqClient::getMessageCorba(): return 1. Message kind 'Empty': 
2026/03/13  15:24:53.809  [INFO]    MxiAcqRecoPlugin: AcqClient::getMessageCorba(): return 1. Message kind 'Empty': 
2026/03/13  15:25:01.359  [INFO]    MxiAcqRecoPlugin: AcqClient::getMessageCorba(): return 1. Message kind 'Sendgui': statusparsmodified
2026/03/13  15:25:01.547  [INFO]    MxiAcqRecoPlugin: AcqClient::getMessageCorba(): return 1. Message kind 'Show_status': acquisition  finished 
2026/03/13  15:25:01.551  [INFO]    MxiAcqRecoPlugin: AcqClient::getMessageCorba(): return 0. Message kind 'TerminateNormal': 
2026/03/13  15:25:01.557  [INFO]    MxiAcqRecoPlugin: Plugin::beforeStop(): finished
2026/03/13  15:25:01.558  [TRACE]   MrAcqSimulationPlugin: Plugin::beforeStop(): started
2026/03/13  15:25:01.558  [TRACE]   MrAcqSimulationPlugin: Plugin::beforeStop(): return true
2026/03/13  15:25:01.558  [TRACE]   MrAcqSimulationPlugin: SimulationServant_impl::~SimulationServant_impl(): started/finished
2026/03/13  15:25:03.485  [TRACE]   MrAcqSimulationPlugin: Plugin::init(): started
2026/03/13  15:25:03.485  [TRACE]   MrAcqSimulationPlugin: SimulationServant_impl::SimulationServant_impl(): started/finished
2026/03/13  15:25:03.485  [TRACE]   MrAcqSimulationPlugin: Plugin::init(): return true
2026/03/13  15:25:03.486  [TRACE]   MrAcqSimulationPlugin: Plugin::afterStart(): started
2026/03/13  15:25:03.486  [TRACE]   MrAcqSimulationPlugin: Plugin::afterStart(): return true
2026/03/13  15:25:03.486  [INFO]    MxiAcqRecoPlugin: Plugin::init(): run 'gsauto -psMode 65 -prototypeMode 0 -adjName Reference Power -procnoPath /opt/PV-360.3.6/data/neuro/20260313_135901_Kostya_260413_fiber_placement_engrams_1_13/12/pdata/1 -serverName MxiAcqReco_2.16.756.5.5.200.8323328.528993.1773383014.1179_866307_33185830282_65 -logSeverityLevel SL_INFO ')
2026/03/13  15:25:03.559  [INFO]    MxiAcqRecoPlugin: AcqClient::getMessageCorba(): return 1. Message kind 'Show_status': pulse program in compilation
2026/03/13  15:25:03.969  [INFO]    MxiAcqRecoPlugin: AcqClient::getMessageCorba(): return 1. Message kind 'Show_status': loading TRX1
2026/03/13  15:25:03.976  [INFO]    MxiAcqRecoPlugin: AcqClient::getMessageCorba(): return 1. Message kind 'Show_status': loading TRX2
2026/03/13  15:25:03.982  [INFO]    MxiAcqRecoPlugin: AcqClient::getMessageCorba(): return 1. Message kind 'Show_status': loading TRX4
2026/03/13  15:25:04.032  [INFO]    MxiAcqRecoPlugin: AcqClient::getMessageCorba(): return 1. Message kind 'Show_status': prepare Gradients for Gradient Controller
2026/03/13  15:25:04.320  [INFO]    MxiAcqRecoPlugin: AcqClient::getMessageCorba(): return 1. Message kind 'Show_status': Loading AQS Rack
2026/03/13  15:25:04.322  [INFO]    MxiAcqRecoPlugin: AcqClient::getMessageCorba(): return 1. Message kind 'Show_status': Load GTU and TRX
2026/03/13  15:25:04.439  [INFO]    MxiAcqRecoPlugin: AcqClient::getMessageCorba(): return 1. Message kind 'Show_status': Start GTU and TRX
2026/03/13  15:25:04.502  [INFO]    MxiAcqRecoPlugin: AcqClient::getMessageCorba(): return 1. Message kind 'Show_status': automatic adjustment in progress
2026/03/13  15:25:14.502  [INFO]    MxiAcqRecoPlugin: AcqClient::getMessageCorba(): return 1. Message kind 'Empty': 
2026/03/13  15:25:22.589  [INFO]    MxiAcqRecoPlugin: AcqClient::getMessageCorba(): return 1. Message kind 'Sendgui': statusparsmodified
2026/03/13  15:25:22.777  [INFO]    MxiAcqRecoPlugin: AcqClient::getMessageCorba(): return 1. Message kind 'Show_status': acquisition  finished 
2026/03/13  15:25:22.780  [INFO]    MxiAcqRecoPlugin: AcqClient::getMessageCorba(): return 0. Message kind 'TerminateNormal': 
2026/03/13  15:25:22.785  [INFO]    MxiAcqRecoPlugin: Plugin::beforeStop(): finished
2026/03/13  15:25:22.787  [TRACE]   MrAcqSimulationPlugin: Plugin::beforeStop(): started
2026/03/13  15:25:22.787  [TRACE]   MrAcqSimulationPlugin: Plugin::beforeStop(): return true
2026/03/13  15:25:22.787  [TRACE]   MrAcqSimulationPlugin: SimulationServant_impl::~SimulationServant_impl(): started/finished
2026/03/13  15:25:25.643  [TRACE]   MrAcqSimulationPlugin: Plugin::init(): started
2026/03/13  15:25:25.643  [TRACE]   MrAcqSimulationPlugin: SimulationServant_impl::SimulationServant_impl(): started/finished
2026/03/13  15:25:25.643  [TRACE]   MrAcqSimulationPlugin: Plugin::init(): return true
2026/03/13  15:25:25.643  [TRACE]   MrAcqSimulationPlugin: Plugin::afterStart(): started
2026/03/13  15:25:25.643  [TRACE]   MrAcqSimulationPlugin: Plugin::afterStart(): return true
2026/03/13  15:25:25.643  [INFO]    MxiAcqRecoPlugin: Plugin::init(): run 'gsauto -psMode 65 -prototypeMode 0 -adjName Scan Shim -procnoPath /opt/PV-360.3.6/data/neuro/20260313_135901_Kostya_260413_fiber_placement_engrams_1_13/12/pdata/1 -serverName MxiAcqReco_2.16.756.5.5.200.8323328.528993.1773383014.1179_866307_33185830282_65 -logSeverityLevel SL_INFO ')
2026/03/13  15:25:25.723  [INFO]    MxiAcqRecoPlugin: AcqClient::getMessageCorba(): return 1. Message kind 'Show_status': pulse program in compilation
2026/03/13  15:25:26.155  [INFO]    MxiAcqRecoPlugin: AcqClient::getMessageCorba(): return 1. Message kind 'Show_status': loading TRX1
2026/03/13  15:25:26.163  [INFO]    MxiAcqRecoPlugin: AcqClient::getMessageCorba(): return 1. Message kind 'Show_status': loading TRX2
2026/03/13  15:25:26.165  [INFO]    MxiAcqRecoPlugin: AcqClient::getMessageCorba(): return 1. Message kind 'Show_status': loading TRX4
2026/03/13  15:25:26.182  [INFO]    MxiAcqRecoPlugin: AcqClient::getMessageCorba(): return 1. Message kind 'Show_status': prepare Gradients for Gradient Controller
2026/03/13  15:25:26.458  [INFO]    MxiAcqRecoPlugin: AcqClient::getMessageCorba(): return 1. Message kind 'Show_status': Loading AQS Rack
2026/03/13  15:25:26.459  [INFO]    MxiAcqRecoPlugin: AcqClient::getMessageCorba(): return 1. Message kind 'Show_status': Load GTU and TRX
2026/03/13  15:25:26.579  [INFO]    MxiAcqRecoPlugin: AcqClient::getMessageCorba(): return 1. Message kind 'Show_status': Start GTU and TRX
2026/03/13  15:25:26.640  [INFO]    MxiAcqRecoPlugin: AcqClient::getMessageCorba(): return 1. Message kind 'Show_status': automatic adjustment in progress
2026/03/13  15:25:28.111  [INFO]    MxiAcqRecoPlugin: AcqClient::getMessageCorba(): return 1. Message kind 'Sendgui': statusparsmodified
2026/03/13  15:25:28.307  [INFO]    MxiAcqRecoPlugin: AcqClient::getMessageCorba(): return 1. Message kind 'Show_status': acquisition  finished 
2026/03/13  15:25:28.310  [INFO]    MxiAcqRecoPlugin: AcqClient::getMessageCorba(): return 0. Message kind 'TerminateNormal': 
2026/03/13  15:25:28.315  [INFO]    MxiAcqRecoPlugin: Plugin::beforeStop(): finished
2026/03/13  15:25:28.317  [TRACE]   MrAcqSimulationPlugin: Plugin::beforeStop(): started
2026/03/13  15:25:28.318  [TRACE]   MrAcqSimulationPlugin: Plugin::beforeStop(): return true
2026/03/13  15:25:28.318  [TRACE]   MrAcqSimulationPlugin: SimulationServant_impl::~SimulationServant_impl(): started/finished
2026/03/13  15:25:29.134  [TRACE]   MrAcqSimulationPlugin: Plugin::init(): started
2026/03/13  15:25:29.134  [TRACE]   MrAcqSimulationPlugin: SimulationServant_impl::SimulationServant_impl(): started/finished
2026/03/13  15:25:29.134  [TRACE]   MrAcqSimulationPlugin: Plugin::init(): return true
2026/03/13  15:25:29.134  [TRACE]   MrAcqSimulationPlugin: Plugin::afterStart(): started
2026/03/13  15:25:29.134  [TRACE]   MrAcqSimulationPlugin: Plugin::afterStart(): return true
2026/03/13  15:25:29.134  [INFO]    MxiAcqRecoPlugin: Plugin::init(): run 'gsauto -psMode 65 -prototypeMode 0 -adjName Receiver Gain -procnoPath /opt/PV-360.3.6/data/neuro/20260313_135901_Kostya_260413_fiber_placement_engrams_1_13/12/pdata/1 -serverName MxiAcqReco_2.16.756.5.5.200.8323328.528993.1773383014.1179_866307_33185830282_65 -logSeverityLevel SL_INFO ')
2026/03/13  15:25:29.228  [INFO]    MxiAcqRecoPlugin: AcqClient::getMessageCorba(): return 1. Message kind 'Show_status': pulse program in compilation
2026/03/13  15:25:30.207  [INFO]    MxiAcqRecoPlugin: AcqClient::getMessageCorba(): return 1. Message kind 'Show_status': loading TRX1
2026/03/13  15:25:30.212  [INFO]    MxiAcqRecoPlugin: AcqClient::getMessageCorba(): return 1. Message kind 'Show_status': loading TRX2
2026/03/13  15:25:30.216  [INFO]    MxiAcqRecoPlugin: AcqClient::getMessageCorba(): return 1. Message kind 'Show_status': loading TRX4
2026/03/13  15:25:30.257  [INFO]    MxiAcqRecoPlugin: AcqClient::getMessageCorba(): return 1. Message kind 'Show_status': prepare Gradients for Gradient Controller
2026/03/13  15:25:30.551  [INFO]    MxiAcqRecoPlugin: AcqClient::getMessageCorba(): return 1. Message kind 'Show_status': Loading AQS Rack
2026/03/13  15:25:30.552  [INFO]    MxiAcqRecoPlugin: AcqClient::getMessageCorba(): return 1. Message kind 'Show_status': Load GTU and TRX
2026/03/13  15:25:30.674  [INFO]    MxiAcqRecoPlugin: AcqClient::getMessageCorba(): return 1. Message kind 'Show_status': Start GTU and TRX
2026/03/13  15:25:31.730  [INFO]    MxiAcqRecoPlugin: AcqClient::getMessageCorba(): return 1. Message kind 'Show_status': automatic adjustment in progress
2026/03/13  15:25:31.991  [INFO]    MxiAcqRecoPlugin: AcqClient::getMessageCorba(): return 1. Message kind 'Sendgui': statusparsmodified
2026/03/13  15:25:32.188  [INFO]    MxiAcqRecoPlugin: AcqClient::getMessageCorba(): return 1. Message kind 'Show_status': acquisition  finished 
2026/03/13  15:25:32.191  [INFO]    MxiAcqRecoPlugin: AcqClient::getMessageCorba(): return 0. Message kind 'TerminateNormal': 
2026/03/13  15:25:32.197  [INFO]    MxiAcqRecoPlugin: Plugin::beforeStop(): finished
2026/03/13  15:25:32.199  [TRACE]   MrAcqSimulationPlugin: Plugin::beforeStop(): started
2026/03/13  15:25:32.199  [TRACE]   MrAcqSimulationPlugin: Plugin::beforeStop(): return true
2026/03/13  15:25:32.199  [TRACE]   MrAcqSimulationPlugin: SimulationServant_impl::~SimulationServant_impl(): started/finished
2026/03/13  15:25:32.852  [TRACE]   MrAcqSimulationPlugin: Plugin::init(): started
2026/03/13  15:25:32.852  [TRACE]   MrAcqSimulationPlugin: SimulationServant_impl::SimulationServant_impl(): started/finished
2026/03/13  15:25:32.852  [TRACE]   MrAcqSimulationPlugin: Plugin::init(): return true
2026/03/13  15:25:32.852  [TRACE]   MrAcqSimulationPlugin: Plugin::afterStart(): started
2026/03/13  15:25:32.852  [TRACE]   MrAcqSimulationPlugin: Plugin::afterStart(): return true
2026/03/13  15:25:32.852  [INFO]    MxiAcqRecoPlugin: Plugin::init(): run 'gop -psMode 65 -prototypeMode 0 -procnoPath /opt/PV-360.3.6/data/neuro/20260313_135901_Kostya_260413_fiber_placement_engrams_1_13/12/pdata/1 -serverName MxiAcqReco_2.16.756.5.5.200.8323328.528993.1773383014.1179_866307_33185830282_65 -logSeverityLevel SL_INFO ')
2026/03/13  15:25:32.950  [INFO]    MxiAcqRecoPlugin: AcqClient::getMessageCorba(): return 1. Message kind 'Show_status': pulse program in compilation
2026/03/13  15:25:33.919  [INFO]    MxiAcqRecoPlugin: AcqClient::getMessageCorba(): return 1. Message kind 'Show_status': loading TRX1
2026/03/13  15:25:33.926  [INFO]    MxiAcqRecoPlugin: AcqClient::getMessageCorba(): return 1. Message kind 'Show_status': loading TRX2
2026/03/13  15:25:33.932  [INFO]    MxiAcqRecoPlugin: AcqClient::getMessageCorba(): return 1. Message kind 'Show_status': loading TRX4
2026/03/13  15:25:33.980  [INFO]    MxiAcqRecoPlugin: AcqClient::getMessageCorba(): return 1. Message kind 'Show_status': prepare Gradients for Gradient Controller
2026/03/13  15:25:34.262  [INFO]    MxiAcqRecoPlugin: AcqClient::getMessageCorba(): return 1. Message kind 'Show_status': Loading AQS Rack
2026/03/13  15:25:34.264  [INFO]    MxiAcqRecoPlugin: AcqClient::getMessageCorba(): return 1. Message kind 'Show_status': Load GTU and TRX
2026/03/13  15:25:34.384  [INFO]    MxiAcqRecoPlugin: AcqClient::getMessageCorba(): return 1. Message kind 'Show_status': Start GTU and TRX
2026/03/13  15:25:34.445  [INFO]    MxiAcqRecoPlugin: AcqClient::getMessageCorba(): return 1. Message kind 'Show_status': acquisition in progress
2026/03/13  15:25:44.445  [INFO]    MxiAcqRecoPlugin: AcqClient::getMessageCorba(): return 1. Message kind 'Empty': 
2026/03/13  15:25:54.446  [INFO]    MxiAcqRecoPlugin: AcqClient::getMessageCorba(): return 1. Message kind 'Empty': 
2026/03/13  15:26:04.448  [INFO]    MxiAcqRecoPlugin: AcqClient::getMessageCorba(): return 1. Message kind 'Empty': 
2026/03/13  15:26:08.562  [INFO]    MxiAcqRecoPlugin: AcqClient::getMessageCorba(): return 1. Message kind 'Sendgui': statusparsmodified
2026/03/13  15:26:08.744  [INFO]    MxiAcqRecoPlugin: AcqClient::getMessageCorba(): return 1. Message kind 'Show_status': acquisition  finished 
2026/03/13  15:26:08.751  [INFO]    MxiAcqRecoPlugin: AcqClient::getMessageCorba(): return 0. Message kind 'TerminateNormal': 
2026/03/13  15:26:08.757  [INFO]    MxiAcqRecoPlugin: Plugin::beforeStop(): finished
2026/03/13  15:26:08.758  [TRACE]   MrAcqSimulationPlugin: Plugin::beforeStop(): started
2026/03/13  15:26:08.758  [TRACE]   MrAcqSimulationPlugin: Plugin::beforeStop(): return true
2026/03/13  15:26:08.759  [TRACE]   MrAcqSimulationPlugin: SimulationServant_impl::~SimulationServant_impl(): started/finished
