2026/03/13  14:11:20.653  [TRACE]   MrAcqSimulationPlugin: Plugin::init(): started
2026/03/13  14:11:20.653  [TRACE]   MrAcqSimulationPlugin: SimulationServant_impl::SimulationServant_impl(): started/finished
2026/03/13  14:11:20.653  [TRACE]   MrAcqSimulationPlugin: Plugin::init(): return true
2026/03/13  14:11:20.654  [TRACE]   MrAcqSimulationPlugin: Plugin::afterStart(): started
2026/03/13  14:11:20.654  [TRACE]   MrAcqSimulationPlugin: Plugin::afterStart(): return true
2026/03/13  14:11:20.654  [INFO]    MxiAcqRecoPlugin: Plugin::init(): run 'gsauto -psMode 65 -prototypeMode 0 -adjName Basic Frequency -procnoPath /opt/PV-360.3.6/data/neuro/20260313_135901_Kostya_260413_fiber_placement_engrams_1_13/3/pdata/1 -serverName MxiAcqReco_2.16.756.5.5.200.8323328.528993.1773378671.254_866307_21905497232_65 -logSeverityLevel SL_INFO ')
2026/03/13  14:11:20.740  [INFO]    MxiAcqRecoPlugin: AcqClient::getMessageCorba(): return 1. Message kind 'Show_status': pulse program in compilation
2026/03/13  14:11:21.477  [INFO]    MxiAcqRecoPlugin: AcqClient::getMessageCorba(): return 1. Message kind 'Show_status': loading TRX1
2026/03/13  14:11:21.485  [INFO]    MxiAcqRecoPlugin: AcqClient::getMessageCorba(): return 1. Message kind 'Show_status': loading TRX2
2026/03/13  14:11:21.487  [INFO]    MxiAcqRecoPlugin: AcqClient::getMessageCorba(): return 1. Message kind 'Show_status': loading TRX4
2026/03/13  14:11:21.505  [INFO]    MxiAcqRecoPlugin: AcqClient::getMessageCorba(): return 1. Message kind 'Show_status': prepare Gradients for Gradient Controller
2026/03/13  14:11:21.787  [INFO]    MxiAcqRecoPlugin: AcqClient::getMessageCorba(): return 1. Message kind 'Show_status': Loading AQS Rack
2026/03/13  14:11:21.789  [INFO]    MxiAcqRecoPlugin: AcqClient::getMessageCorba(): return 1. Message kind 'Show_status': Load GTU and TRX
2026/03/13  14:11:21.910  [INFO]    MxiAcqRecoPlugin: AcqClient::getMessageCorba(): return 1. Message kind 'Show_status': Start GTU and TRX
2026/03/13  14:11:21.971  [INFO]    MxiAcqRecoPlugin: AcqClient::getMessageCorba(): return 1. Message kind 'Show_status': automatic adjustment in progress
2026/03/13  14:11:23.199  [INFO]    MxiAcqRecoPlugin: AcqClient::getMessageCorba(): return 1. Message kind 'Sendgui': statusparsmodified
2026/03/13  14:11:23.387  [INFO]    MxiAcqRecoPlugin: AcqClient::getMessageCorba(): return 1. Message kind 'Show_status': acquisition  finished 
2026/03/13  14:11:23.390  [INFO]    MxiAcqRecoPlugin: AcqClient::getMessageCorba(): return 0. Message kind 'TerminateNormal': 
2026/03/13  14:11:23.394  [WARNING] MxiAcqRecoPlugin: Manager::waitForFinish(): shouldRunThread not finished. Waiting ... 
2026/03/13  14:11:23.394  [WARNING] MxiAcqRecoPlugin: Manager::waitForFinish(): ... done
2026/03/13  14:11:23.396  [INFO]    MxiAcqRecoPlugin: Plugin::beforeStop(): finished
2026/03/13  14:11:23.397  [TRACE]   MrAcqSimulationPlugin: Plugin::beforeStop(): started
2026/03/13  14:11:23.397  [TRACE]   MrAcqSimulationPlugin: Plugin::beforeStop(): return true
2026/03/13  14:11:23.398  [TRACE]   MrAcqSimulationPlugin: SimulationServant_impl::~SimulationServant_impl(): started/finished
2026/03/13  14:11:24.227  [TRACE]   MrAcqSimulationPlugin: Plugin::init(): started
2026/03/13  14:11:24.227  [TRACE]   MrAcqSimulationPlugin: SimulationServant_impl::SimulationServant_impl(): started/finished
2026/03/13  14:11:24.227  [TRACE]   MrAcqSimulationPlugin: Plugin::init(): return true
2026/03/13  14:11:24.228  [TRACE]   MrAcqSimulationPlugin: Plugin::afterStart(): started
2026/03/13  14:11:24.228  [TRACE]   MrAcqSimulationPlugin: Plugin::afterStart(): return true
2026/03/13  14:11:24.228  [INFO]    MxiAcqRecoPlugin: Plugin::init(): run 'gsauto -psMode 65 -prototypeMode 0 -adjName Study Shim -procnoPath /opt/PV-360.3.6/data/neuro/20260313_135901_Kostya_260413_fiber_placement_engrams_1_13/3/pdata/1 -serverName MxiAcqReco_2.16.756.5.5.200.8323328.528993.1773378671.254_866307_21905497232_65 -logSeverityLevel SL_INFO ')
2026/03/13  14:11:24.304  [INFO]    MxiAcqRecoPlugin: AcqClient::getMessageCorba(): return 1. Message kind 'Show_status': pulse program in compilation
2026/03/13  14:11:24.709  [INFO]    MxiAcqRecoPlugin: AcqClient::getMessageCorba(): return 1. Message kind 'Show_status': loading TRX1
2026/03/13  14:11:24.712  [INFO]    MxiAcqRecoPlugin: AcqClient::getMessageCorba(): return 1. Message kind 'Show_status': loading TRX2
2026/03/13  14:11:24.714  [INFO]    MxiAcqRecoPlugin: AcqClient::getMessageCorba(): return 1. Message kind 'Show_status': loading TRX4
2026/03/13  14:11:24.733  [INFO]    MxiAcqRecoPlugin: AcqClient::getMessageCorba(): return 1. Message kind 'Show_status': prepare Gradients for Gradient Controller
2026/03/13  14:11:24.996  [INFO]    MxiAcqRecoPlugin: AcqClient::getMessageCorba(): return 1. Message kind 'Show_status': Loading AQS Rack
2026/03/13  14:11:24.998  [INFO]    MxiAcqRecoPlugin: AcqClient::getMessageCorba(): return 1. Message kind 'Show_status': Load GTU and TRX
2026/03/13  14:11:25.117  [INFO]    MxiAcqRecoPlugin: AcqClient::getMessageCorba(): return 1. Message kind 'Show_status': Start GTU and TRX
2026/03/13  14:11:25.172  [INFO]    MxiAcqRecoPlugin: AcqClient::getMessageCorba(): return 1. Message kind 'Show_status': automatic adjustment in progress
2026/03/13  14:11:35.173  [INFO]    MxiAcqRecoPlugin: AcqClient::getMessageCorba(): return 1. Message kind 'Empty': 
2026/03/13  14:11:45.174  [INFO]    MxiAcqRecoPlugin: AcqClient::getMessageCorba(): return 1. Message kind 'Empty': 
2026/03/13  14:11:55.175  [INFO]    MxiAcqRecoPlugin: AcqClient::getMessageCorba(): return 1. Message kind 'Empty': 
2026/03/13  14:11:59.895  [INFO]    MxiAcqRecoPlugin: AcqClient::getMessageCorba(): return 1. Message kind 'Sendgui': statusparsmodified
2026/03/13  14:12:00.088  [INFO]    MxiAcqRecoPlugin: AcqClient::getMessageCorba(): return 1. Message kind 'Show_status': acquisition  finished 
2026/03/13  14:12:00.092  [INFO]    MxiAcqRecoPlugin: AcqClient::getMessageCorba(): return 0. Message kind 'TerminateNormal': 
2026/03/13  14:12:00.098  [INFO]    MxiAcqRecoPlugin: Plugin::beforeStop(): finished
2026/03/13  14:12:00.099  [TRACE]   MrAcqSimulationPlugin: Plugin::beforeStop(): started
2026/03/13  14:12:00.099  [TRACE]   MrAcqSimulationPlugin: Plugin::beforeStop(): return true
2026/03/13  14:12:00.100  [TRACE]   MrAcqSimulationPlugin: SimulationServant_impl::~SimulationServant_impl(): started/finished
2026/03/13  14:12:02.040  [TRACE]   MrAcqSimulationPlugin: Plugin::init(): started
2026/03/13  14:12:02.040  [TRACE]   MrAcqSimulationPlugin: SimulationServant_impl::SimulationServant_impl(): started/finished
2026/03/13  14:12:02.040  [TRACE]   MrAcqSimulationPlugin: Plugin::init(): return true
2026/03/13  14:12:02.041  [TRACE]   MrAcqSimulationPlugin: Plugin::afterStart(): started
2026/03/13  14:12:02.041  [TRACE]   MrAcqSimulationPlugin: Plugin::afterStart(): return true
2026/03/13  14:12:02.041  [INFO]    MxiAcqRecoPlugin: Plugin::init(): run 'gsauto -psMode 65 -prototypeMode 0 -adjName Reference Power -procnoPath /opt/PV-360.3.6/data/neuro/20260313_135901_Kostya_260413_fiber_placement_engrams_1_13/3/pdata/1 -serverName MxiAcqReco_2.16.756.5.5.200.8323328.528993.1773378671.254_866307_21905497232_65 -logSeverityLevel SL_INFO ')
2026/03/13  14:12:02.113  [INFO]    MxiAcqRecoPlugin: AcqClient::getMessageCorba(): return 1. Message kind 'Show_status': pulse program in compilation
2026/03/13  14:12:02.530  [INFO]    MxiAcqRecoPlugin: AcqClient::getMessageCorba(): return 1. Message kind 'Show_status': loading TRX1
2026/03/13  14:12:02.536  [INFO]    MxiAcqRecoPlugin: AcqClient::getMessageCorba(): return 1. Message kind 'Show_status': loading TRX2
2026/03/13  14:12:02.540  [INFO]    MxiAcqRecoPlugin: AcqClient::getMessageCorba(): return 1. Message kind 'Show_status': loading TRX4
2026/03/13  14:12:02.564  [INFO]    MxiAcqRecoPlugin: AcqClient::getMessageCorba(): return 1. Message kind 'Show_status': prepare Gradients for Gradient Controller
2026/03/13  14:12:02.818  [INFO]    MxiAcqRecoPlugin: AcqClient::getMessageCorba(): return 1. Message kind 'Show_status': Loading AQS Rack
2026/03/13  14:12:02.819  [INFO]    MxiAcqRecoPlugin: AcqClient::getMessageCorba(): return 1. Message kind 'Show_status': Load GTU and TRX
2026/03/13  14:12:02.940  [INFO]    MxiAcqRecoPlugin: AcqClient::getMessageCorba(): return 1. Message kind 'Show_status': Start GTU and TRX
2026/03/13  14:12:02.996  [INFO]    MxiAcqRecoPlugin: AcqClient::getMessageCorba(): return 1. Message kind 'Show_status': automatic adjustment in progress
2026/03/13  14:12:12.997  [INFO]    MxiAcqRecoPlugin: AcqClient::getMessageCorba(): return 1. Message kind 'Empty': 
2026/03/13  14:12:22.998  [INFO]    MxiAcqRecoPlugin: AcqClient::getMessageCorba(): return 1. Message kind 'Empty': 
2026/03/13  14:12:25.045  [INFO]    MxiAcqRecoPlugin: AcqClient::getMessageCorba(): return 1. Message kind 'Sendgui': statusparsmodified
2026/03/13  14:12:25.238  [INFO]    MxiAcqRecoPlugin: AcqClient::getMessageCorba(): return 1. Message kind 'Show_status': acquisition  finished 
2026/03/13  14:12:25.241  [INFO]    MxiAcqRecoPlugin: AcqClient::getMessageCorba(): return 0. Message kind 'TerminateNormal': 
2026/03/13  14:12:25.244  [WARNING] MxiAcqRecoPlugin: Manager::waitForFinish(): shouldRunThread not finished. Waiting ... 
2026/03/13  14:12:25.244  [WARNING] MxiAcqRecoPlugin: Manager::waitForFinish(): ... done
2026/03/13  14:12:25.246  [INFO]    MxiAcqRecoPlugin: Plugin::beforeStop(): finished
2026/03/13  14:12:25.248  [TRACE]   MrAcqSimulationPlugin: Plugin::beforeStop(): started
2026/03/13  14:12:25.248  [TRACE]   MrAcqSimulationPlugin: Plugin::beforeStop(): return true
2026/03/13  14:12:25.248  [TRACE]   MrAcqSimulationPlugin: SimulationServant_impl::~SimulationServant_impl(): started/finished
2026/03/13  14:12:28.799  [TRACE]   MrAcqSimulationPlugin: Plugin::init(): started
2026/03/13  14:12:28.799  [TRACE]   MrAcqSimulationPlugin: SimulationServant_impl::SimulationServant_impl(): started/finished
2026/03/13  14:12:28.799  [TRACE]   MrAcqSimulationPlugin: Plugin::init(): return true
2026/03/13  14:12:28.799  [TRACE]   MrAcqSimulationPlugin: Plugin::afterStart(): started
2026/03/13  14:12:28.799  [TRACE]   MrAcqSimulationPlugin: Plugin::afterStart(): return true
2026/03/13  14:12:28.799  [INFO]    MxiAcqRecoPlugin: Plugin::init(): run 'gsauto -psMode 65 -prototypeMode 0 -adjName Scan Shim -procnoPath /opt/PV-360.3.6/data/neuro/20260313_135901_Kostya_260413_fiber_placement_engrams_1_13/3/pdata/1 -serverName MxiAcqReco_2.16.756.5.5.200.8323328.528993.1773378671.254_866307_21905497232_65 -logSeverityLevel SL_INFO ')
2026/03/13  14:12:28.885  [INFO]    MxiAcqRecoPlugin: AcqClient::getMessageCorba(): return 1. Message kind 'Show_status': pulse program in compilation
2026/03/13  14:12:29.251  [INFO]    MxiAcqRecoPlugin: AcqClient::getMessageCorba(): return 1. Message kind 'Show_status': loading TRX1
2026/03/13  14:12:29.254  [INFO]    MxiAcqRecoPlugin: AcqClient::getMessageCorba(): return 1. Message kind 'Show_status': loading TRX2
2026/03/13  14:12:29.256  [INFO]    MxiAcqRecoPlugin: AcqClient::getMessageCorba(): return 1. Message kind 'Show_status': loading TRX4
2026/03/13  14:12:29.274  [INFO]    MxiAcqRecoPlugin: AcqClient::getMessageCorba(): return 1. Message kind 'Show_status': prepare Gradients for Gradient Controller
2026/03/13  14:12:29.564  [INFO]    MxiAcqRecoPlugin: AcqClient::getMessageCorba(): return 1. Message kind 'Show_status': Loading AQS Rack
2026/03/13  14:12:29.566  [INFO]    MxiAcqRecoPlugin: AcqClient::getMessageCorba(): return 1. Message kind 'Show_status': Load GTU and TRX
2026/03/13  14:12:29.688  [INFO]    MxiAcqRecoPlugin: AcqClient::getMessageCorba(): return 1. Message kind 'Show_status': Start GTU and TRX
2026/03/13  14:12:29.749  [INFO]    MxiAcqRecoPlugin: AcqClient::getMessageCorba(): return 1. Message kind 'Show_status': automatic adjustment in progress
2026/03/13  14:12:32.036  [INFO]    MxiAcqRecoPlugin: AcqClient::getMessageCorba(): return 1. Message kind 'Sendgui': statusparsmodified
2026/03/13  14:12:32.227  [INFO]    MxiAcqRecoPlugin: AcqClient::getMessageCorba(): return 1. Message kind 'Show_status': acquisition  finished 
2026/03/13  14:12:32.230  [INFO]    MxiAcqRecoPlugin: AcqClient::getMessageCorba(): return 0. Message kind 'TerminateNormal': 
2026/03/13  14:12:32.235  [INFO]    MxiAcqRecoPlugin: Plugin::beforeStop(): finished
2026/03/13  14:12:32.236  [TRACE]   MrAcqSimulationPlugin: Plugin::beforeStop(): started
2026/03/13  14:12:32.236  [TRACE]   MrAcqSimulationPlugin: Plugin::beforeStop(): return true
2026/03/13  14:12:32.237  [TRACE]   MrAcqSimulationPlugin: SimulationServant_impl::~SimulationServant_impl(): started/finished
2026/03/13  14:12:32.860  [TRACE]   MrAcqSimulationPlugin: Plugin::init(): started
2026/03/13  14:12:32.860  [TRACE]   MrAcqSimulationPlugin: SimulationServant_impl::SimulationServant_impl(): started/finished
2026/03/13  14:12:32.860  [TRACE]   MrAcqSimulationPlugin: Plugin::init(): return true
2026/03/13  14:12:32.861  [TRACE]   MrAcqSimulationPlugin: Plugin::afterStart(): started
2026/03/13  14:12:32.861  [TRACE]   MrAcqSimulationPlugin: Plugin::afterStart(): return true
2026/03/13  14:12:32.861  [INFO]    MxiAcqRecoPlugin: Plugin::init(): run 'gsauto -psMode 65 -prototypeMode 0 -adjName Receiver Gain -procnoPath /opt/PV-360.3.6/data/neuro/20260313_135901_Kostya_260413_fiber_placement_engrams_1_13/3/pdata/1 -serverName MxiAcqReco_2.16.756.5.5.200.8323328.528993.1773378671.254_866307_21905497232_65 -logSeverityLevel SL_INFO ')
2026/03/13  14:12:32.949  [INFO]    MxiAcqRecoPlugin: AcqClient::getMessageCorba(): return 1. Message kind 'Show_status': pulse program in compilation
2026/03/13  14:12:33.811  [INFO]    MxiAcqRecoPlugin: AcqClient::getMessageCorba(): return 1. Message kind 'Show_status': loading TRX1
2026/03/13  14:12:33.818  [INFO]    MxiAcqRecoPlugin: AcqClient::getMessageCorba(): return 1. Message kind 'Show_status': loading TRX2
2026/03/13  14:12:33.824  [INFO]    MxiAcqRecoPlugin: AcqClient::getMessageCorba(): return 1. Message kind 'Show_status': loading TRX4
2026/03/13  14:12:33.869  [INFO]    MxiAcqRecoPlugin: AcqClient::getMessageCorba(): return 1. Message kind 'Show_status': prepare Gradients for Gradient Controller
2026/03/13  14:12:34.132  [INFO]    MxiAcqRecoPlugin: AcqClient::getMessageCorba(): return 1. Message kind 'Show_status': Loading AQS Rack
2026/03/13  14:12:34.134  [INFO]    MxiAcqRecoPlugin: AcqClient::getMessageCorba(): return 1. Message kind 'Show_status': Load GTU and TRX
2026/03/13  14:12:34.250  [INFO]    MxiAcqRecoPlugin: AcqClient::getMessageCorba(): return 1. Message kind 'Show_status': Start GTU and TRX
2026/03/13  14:12:34.305  [INFO]    MxiAcqRecoPlugin: AcqClient::getMessageCorba(): return 1. Message kind 'Show_status': automatic adjustment in progress
2026/03/13  14:12:34.578  [INFO]    MxiAcqRecoPlugin: AcqClient::getMessageCorba(): return 1. Message kind 'Sendgui': statusparsmodified
2026/03/13  14:12:34.767  [INFO]    MxiAcqRecoPlugin: AcqClient::getMessageCorba(): return 1. Message kind 'Show_status': acquisition  finished 
2026/03/13  14:12:34.770  [INFO]    MxiAcqRecoPlugin: AcqClient::getMessageCorba(): return 0. Message kind 'TerminateNormal': 
2026/03/13  14:12:34.775  [INFO]    MxiAcqRecoPlugin: Plugin::beforeStop(): finished
2026/03/13  14:12:34.776  [TRACE]   MrAcqSimulationPlugin: Plugin::beforeStop(): started
2026/03/13  14:12:34.776  [TRACE]   MrAcqSimulationPlugin: Plugin::beforeStop(): return true
2026/03/13  14:12:34.777  [TRACE]   MrAcqSimulationPlugin: SimulationServant_impl::~SimulationServant_impl(): started/finished
2026/03/13  14:12:35.304  [TRACE]   MrAcqSimulationPlugin: Plugin::init(): started
2026/03/13  14:12:35.304  [TRACE]   MrAcqSimulationPlugin: SimulationServant_impl::SimulationServant_impl(): started/finished
2026/03/13  14:12:35.304  [TRACE]   MrAcqSimulationPlugin: Plugin::init(): return true
2026/03/13  14:12:35.305  [TRACE]   MrAcqSimulationPlugin: Plugin::afterStart(): started
2026/03/13  14:12:35.305  [TRACE]   MrAcqSimulationPlugin: Plugin::afterStart(): return true
2026/03/13  14:12:35.305  [INFO]    MxiAcqRecoPlugin: Plugin::init(): run 'gop -psMode 65 -prototypeMode 0 -procnoPath /opt/PV-360.3.6/data/neuro/20260313_135901_Kostya_260413_fiber_placement_engrams_1_13/3/pdata/1 -serverName MxiAcqReco_2.16.756.5.5.200.8323328.528993.1773378671.254_866307_21905497232_65 -logSeverityLevel SL_INFO ')
2026/03/13  14:12:35.378  [INFO]    MxiAcqRecoPlugin: AcqClient::getMessageCorba(): return 1. Message kind 'Show_status': pulse program in compilation
2026/03/13  14:12:36.219  [INFO]    MxiAcqRecoPlugin: AcqClient::getMessageCorba(): return 1. Message kind 'Show_status': loading TRX1
2026/03/13  14:12:36.226  [INFO]    MxiAcqRecoPlugin: AcqClient::getMessageCorba(): return 1. Message kind 'Show_status': loading TRX2
2026/03/13  14:12:36.232  [INFO]    MxiAcqRecoPlugin: AcqClient::getMessageCorba(): return 1. Message kind 'Show_status': loading TRX4
2026/03/13  14:12:36.280  [INFO]    MxiAcqRecoPlugin: AcqClient::getMessageCorba(): return 1. Message kind 'Show_status': prepare Gradients for Gradient Controller
2026/03/13  14:12:36.568  [INFO]    MxiAcqRecoPlugin: AcqClient::getMessageCorba(): return 1. Message kind 'Show_status': Loading AQS Rack
2026/03/13  14:12:36.570  [INFO]    MxiAcqRecoPlugin: AcqClient::getMessageCorba(): return 1. Message kind 'Show_status': Load GTU and TRX
2026/03/13  14:12:36.690  [INFO]    MxiAcqRecoPlugin: AcqClient::getMessageCorba(): return 1. Message kind 'Show_status': Start GTU and TRX
2026/03/13  14:12:36.744  [INFO]    MxiAcqRecoPlugin: AcqClient::getMessageCorba(): return 1. Message kind 'Show_status': acquisition in progress
2026/03/13  14:12:46.745  [INFO]    MxiAcqRecoPlugin: AcqClient::getMessageCorba(): return 1. Message kind 'Empty': 
2026/03/13  14:12:56.747  [INFO]    MxiAcqRecoPlugin: AcqClient::getMessageCorba(): return 1. Message kind 'Empty': 
2026/03/13  14:12:59.213  [INFO]    MxiAcqRecoPlugin: AcqClient::getMessageCorba(): return 1. Message kind 'Sendgui': statusparsmodified
2026/03/13  14:12:59.394  [INFO]    MxiAcqRecoPlugin: AcqClient::getMessageCorba(): return 1. Message kind 'Show_status': acquisition  finished 
2026/03/13  14:12:59.402  [INFO]    MxiAcqRecoPlugin: AcqClient::getMessageCorba(): return 0. Message kind 'TerminateNormal': 
2026/03/13  14:12:59.408  [INFO]    MxiAcqRecoPlugin: Plugin::beforeStop(): finished
2026/03/13  14:12:59.409  [TRACE]   MrAcqSimulationPlugin: Plugin::beforeStop(): started
2026/03/13  14:12:59.409  [TRACE]   MrAcqSimulationPlugin: Plugin::beforeStop(): return true
2026/03/13  14:12:59.410  [TRACE]   MrAcqSimulationPlugin: SimulationServant_impl::~SimulationServant_impl(): started/finished
